2018-02-21 18:25:08:577 INFO - [ _(:3」∠)_ ] c.b.s.n.NettyServer       | Environment: jdk.version    => 1.8.0_121
2018-02-21 18:25:08:580 INFO - [ _(:3」∠)_ ] c.b.s.n.NettyServer       | Environment: user.dir       => /Users/albert/Documents/workspace/PureBert
2018-02-21 18:25:08:580 INFO - [ _(:3」∠)_ ] c.b.s.n.NettyServer       | Environment: java.io.tmpdir => /var/folders/rh/5j5fmv1s1xl43qlgqg00mwbc0000gn/T/
2018-02-21 18:25:08:580 INFO - [ _(:3」∠)_ ] c.b.s.n.NettyServer       | Environment: user.timezone  => Asia/Shanghai
2018-02-21 18:25:08:580 INFO - [ _(:3」∠)_ ] c.b.s.n.NettyServer       | Environment: file.encoding  => UTF-8
2018-02-21 18:25:08:581 INFO - [ _(:3」∠)_ ] c.b.s.n.NettyServer       | Environment: classpath      => /Users/albert/Documents/workspace/PureBert/target/classes
2018-02-21 18:25:08:818 INFO - [ _(:3」∠)_ ] c.b.m.r.RouteMatcher      | Add route => GET	/admin
2018-02-21 18:25:08:819 INFO - [ _(:3」∠)_ ] c.b.m.r.RouteMatcher      | Add route => GET	/categories.html
2018-02-21 18:25:08:819 INFO - [ _(:3」∠)_ ] c.b.m.r.RouteMatcher      | Add route => GET	/feed.xml
2018-02-21 18:25:08:819 INFO - [ _(:3」∠)_ ] c.b.m.r.RouteMatcher      | Add route => GET	/atom.xml
2018-02-21 18:25:08:819 INFO - [ _(:3」∠)_ ] c.b.m.r.RouteMatcher      | Add route => GET	/admin/page/new
2018-02-21 18:25:08:820 INFO - [ _(:3」∠)_ ] c.b.m.r.RouteMatcher      | Add route => GET	/tags
2018-02-21 18:25:08:820 INFO - [ _(:3」∠)_ ] c.b.m.r.RouteMatcher      | Add route => GET	/admin/article
2018-02-21 18:25:08:820 INFO - [ _(:3」∠)_ ] c.b.m.r.RouteMatcher      | Add route => GET	/feed
2018-02-21 18:25:08:820 INFO - [ _(:3」∠)_ ] c.b.m.r.RouteMatcher      | Add route => GET	/admin/index
2018-02-21 18:25:08:820 INFO - [ _(:3」∠)_ ] c.b.m.r.RouteMatcher      | Add route => POST	/admin/attach/upload
2018-02-21 18:25:08:821 INFO - [ _(:3」∠)_ ] c.b.m.r.RouteMatcher      | Add route => POST	/admin/page/publish
2018-02-21 18:25:08:821 INFO - [ _(:3」∠)_ ] c.b.m.r.RouteMatcher      | Add route => POST	/admin/article/publish
2018-02-21 18:25:08:821 INFO - [ _(:3」∠)_ ] c.b.m.r.RouteMatcher      | Add route => GET	/category/:keyword/:page.html
2018-02-21 18:25:08:821 INFO - [ _(:3」∠)_ ] c.b.m.r.RouteMatcher      | Add route => POST	/admin/comments/delete
2018-02-21 18:25:08:822 INFO - [ _(:3」∠)_ ] c.b.m.r.RouteMatcher      | Add route => GET	/admin/template/content
2018-02-21 18:25:08:822 INFO - [ _(:3」∠)_ ] c.b.m.r.RouteMatcher      | Add route => GET	/admin/article/publish
2018-02-21 18:25:08:822 INFO - [ _(:3」∠)_ ] c.b.m.r.RouteMatcher      | Add route => POST	/admin/template/save
2018-02-21 18:25:08:822 INFO - [ _(:3」∠)_ ] c.b.m.r.RouteMatcher      | Add route => POST	/admin/category/save
2018-02-21 18:25:08:822 INFO - [ _(:3」∠)_ ] c.b.m.r.RouteMatcher      | Add route => GET	/admin/attach
2018-02-21 18:25:08:822 INFO - [ _(:3」∠)_ ] c.b.m.r.RouteMatcher      | Add route => POST	/admin/profile
2018-02-21 18:25:08:823 INFO - [ _(:3」∠)_ ] c.b.m.r.RouteMatcher      | Add route => GET	/page/:page
2018-02-21 18:25:08:823 INFO - [ _(:3」∠)_ ] c.b.m.r.RouteMatcher      | Add route => GET	/admin/profile
2018-02-21 18:25:08:823 INFO - [ _(:3」∠)_ ] c.b.m.r.RouteMatcher      | Add route => POST	/admin/comments
2018-02-21 18:25:08:823 INFO - [ _(:3」∠)_ ] c.b.m.r.RouteMatcher      | Add route => GET	/categories
2018-02-21 18:25:08:823 INFO - [ _(:3」∠)_ ] c.b.m.r.RouteMatcher      | Add route => POST	/admin/advanced
2018-02-21 18:25:08:823 INFO - [ _(:3」∠)_ ] c.b.m.r.RouteMatcher      | Add route => GET	/search.html
2018-02-21 18:25:08:824 INFO - [ _(:3」∠)_ ] c.b.m.r.RouteMatcher      | Add route => GET	/admin/themes/setting
2018-02-21 18:25:08:824 INFO - [ _(:3」∠)_ ] c.b.m.r.RouteMatcher      | Add route => GET	/admin/login
2018-02-21 18:25:08:824 INFO - [ _(:3」∠)_ ] c.b.m.r.RouteMatcher      | Add route => POST	/install
2018-02-21 18:25:08:824 INFO - [ _(:3」∠)_ ] c.b.m.r.RouteMatcher      | Add route => GET	/admin/themes
2018-02-21 18:25:08:824 INFO - [ _(:3」∠)_ ] c.b.m.r.RouteMatcher      | Add route => GET	/article/:cid.html
2018-02-21 18:25:08:824 INFO - [ _(:3」∠)_ ] c.b.m.r.RouteMatcher      | Add route => POST	/admin/page/modify
2018-02-21 18:25:08:825 INFO - [ _(:3」∠)_ ] c.b.m.r.RouteMatcher      | Add route => GET	/tags.html
2018-02-21 18:25:08:825 INFO - [ _(:3」∠)_ ] c.b.m.r.RouteMatcher      | Add route => ALL	/admin/attach/delete
2018-02-21 18:25:08:825 INFO - [ _(:3」∠)_ ] c.b.m.r.RouteMatcher      | Add route => GET	/admin/page
2018-02-21 18:25:08:825 INFO - [ _(:3」∠)_ ] c.b.m.r.RouteMatcher      | Add route => GET	/sitemap
2018-02-21 18:25:08:825 INFO - [ _(:3」∠)_ ] c.b.m.r.RouteMatcher      | Add route => GET	/
2018-02-21 18:25:08:826 INFO - [ _(:3」∠)_ ] c.b.m.r.RouteMatcher      | Add route => GET	/admin/template
2018-02-21 18:25:08:826 INFO - [ _(:3」∠)_ ] c.b.m.r.RouteMatcher      | Add route => GET	/search
2018-02-21 18:25:08:826 INFO - [ _(:3」∠)_ ] c.b.m.r.RouteMatcher      | Add route => POST	/admin/password
2018-02-21 18:25:08:826 INFO - [ _(:3」∠)_ ] c.b.m.r.RouteMatcher      | Add route => GET	/sitemap.xml
2018-02-21 18:25:08:826 INFO - [ _(:3」∠)_ ] c.b.m.r.RouteMatcher      | Add route => GET	/:cid.html
2018-02-21 18:25:08:826 INFO - [ _(:3」∠)_ ] c.b.m.r.RouteMatcher      | Add route => GET	/admin/page/:cid
2018-02-21 18:25:08:827 INFO - [ _(:3」∠)_ ] c.b.m.r.RouteMatcher      | Add route => GET	/admin/category
2018-02-21 18:25:08:827 INFO - [ _(:3」∠)_ ] c.b.m.r.RouteMatcher      | Add route => GET	/category/:keyword/:page
2018-02-21 18:25:08:827 INFO - [ _(:3」∠)_ ] c.b.m.r.RouteMatcher      | Add route => GET	/search/:keyword/:page
2018-02-21 18:25:08:827 INFO - [ _(:3」∠)_ ] c.b.m.r.RouteMatcher      | Add route => ALL	/admin/page/delete
2018-02-21 18:25:08:827 INFO - [ _(:3」∠)_ ] c.b.m.r.RouteMatcher      | Add route => GET	/tag/:name/:page
2018-02-21 18:25:08:827 INFO - [ _(:3」∠)_ ] c.b.m.r.RouteMatcher      | Add route => ALL	/logout
2018-02-21 18:25:08:828 INFO - [ _(:3」∠)_ ] c.b.m.r.RouteMatcher      | Add route => ALL	/admin/article/delete
2018-02-21 18:25:08:828 INFO - [ _(:3」∠)_ ] c.b.m.r.RouteMatcher      | Add route => GET	/tag/:name.html
2018-02-21 18:25:08:828 INFO - [ _(:3」∠)_ ] c.b.m.r.RouteMatcher      | Add route => GET	/page/:page.html
2018-02-21 18:25:08:828 INFO - [ _(:3」∠)_ ] c.b.m.r.RouteMatcher      | Add route => GET	/admin/comments
2018-02-21 18:25:08:828 INFO - [ _(:3」∠)_ ] c.b.m.r.RouteMatcher      | Add route => GET	/search/:keyword.html
2018-02-21 18:25:08:828 INFO - [ _(:3」∠)_ ] c.b.m.r.RouteMatcher      | Add route => POST	/admin/setting
2018-02-21 18:25:08:829 INFO - [ _(:3」∠)_ ] c.b.m.r.RouteMatcher      | Add route => GET	/search/:keyword/:page.html
2018-02-21 18:25:08:829 INFO - [ _(:3」∠)_ ] c.b.m.r.RouteMatcher      | Add route => GET	/archives.html
2018-02-21 18:25:08:829 INFO - [ _(:3」∠)_ ] c.b.m.r.RouteMatcher      | Add route => POST	/comment
2018-02-21 18:25:08:829 INFO - [ _(:3」∠)_ ] c.b.m.r.RouteMatcher      | Add route => GET	/archives
2018-02-21 18:25:08:829 INFO - [ _(:3」∠)_ ] c.b.m.r.RouteMatcher      | Add route => GET	/tag/:name
2018-02-21 18:25:08:830 INFO - [ _(:3」∠)_ ] c.b.m.r.RouteMatcher      | Add route => GET	/category/:keyword.html
2018-02-21 18:25:08:830 INFO - [ _(:3」∠)_ ] c.b.m.r.RouteMatcher      | Add route => GET	/article/:cid
2018-02-21 18:25:08:830 INFO - [ _(:3」∠)_ ] c.b.m.r.RouteMatcher      | Add route => GET	/admin/article/:cid
2018-02-21 18:25:08:830 INFO - [ _(:3」∠)_ ] c.b.m.r.RouteMatcher      | Add route => GET	/install
2018-02-21 18:25:08:830 INFO - [ _(:3」∠)_ ] c.b.m.r.RouteMatcher      | Add route => POST	/admin/themes/setting
2018-02-21 18:25:08:830 INFO - [ _(:3」∠)_ ] c.b.m.r.RouteMatcher      | Add route => POST	/admin/login
2018-02-21 18:25:08:831 INFO - [ _(:3」∠)_ ] c.b.m.r.RouteMatcher      | Add route => ALL	/admin/category/delete
2018-02-21 18:25:08:831 INFO - [ _(:3」∠)_ ] c.b.m.r.RouteMatcher      | Add route => POST	/admin/comments/status
2018-02-21 18:25:08:831 INFO - [ _(:3」∠)_ ] c.b.m.r.RouteMatcher      | Add route => GET	/admin/setting
2018-02-21 18:25:08:831 INFO - [ _(:3」∠)_ ] c.b.m.r.RouteMatcher      | Add route => GET	/:cid
2018-02-21 18:25:08:832 INFO - [ _(:3」∠)_ ] c.b.m.r.RouteMatcher      | Add route => POST	/admin/article/modify
2018-02-21 18:25:08:832 INFO - [ _(:3」∠)_ ] c.b.m.r.RouteMatcher      | Add route => GET	/admin/reload
2018-02-21 18:25:08:832 INFO - [ _(:3」∠)_ ] c.b.m.r.RouteMatcher      | Add route => POST	/admin/themes/active
2018-02-21 18:25:08:832 INFO - [ _(:3」∠)_ ] c.b.m.r.RouteMatcher      | Add route => GET	/tag/:name/:page.html
2018-02-21 18:25:08:832 INFO - [ _(:3」∠)_ ] c.b.m.r.RouteMatcher      | Add route => GET	/category/:keyword
2018-02-21 18:25:08:832 INFO - [ _(:3」∠)_ ] c.b.m.r.RouteMatcher      | Add route => POST	/admin/backup
2018-02-21 18:25:08:833 INFO - [ _(:3」∠)_ ] c.b.m.r.RouteMatcher      | Add route => GET	/search/:keyword
2018-02-21 18:25:08:833 INFO - [ _(:3」∠)_ ] c.b.m.r.RouteMatcher      | Add hook  => [BEFORE	/.*]
2018-02-21 18:25:08:834 INFO - [ _(:3」∠)_ ] c.b.m.r.RouteMatcher      | Add hook  => [AFTER	/.*]
2018-02-21 18:25:08:930 INFO - [ _(:3」∠)_ ] c.b.j.Base                | ⬢ Blade-JDBC initializing
2018-02-21 18:25:08:932 INFO - [ _(:3」∠)_ ] c.b.s.n.NettyServer       | ⬢ Register bean: [com.blade.Environment@44f82306, com.tale.init.WebContext@7e8e8689, com.tale.service.ContentsService@736cc793, com.tale.exception.GolbalExceptionHandler@756e319c, com.tale.service.SiteService@700bdc24, com.tale.controller.admin.AuthController@7a3ba662, com.tale.service.OptionsService@6ffeb6e9, com.tale.controller.admin.ThemeController@6b98885b, com.tale.controller.admin.CategoryController@455c83f0, com.tale.controller.admin.AttachController@6273258f, com.tale.hooks.BaseWebHook@78a08ed6, com.tale.controller.CategoryController@57550bc9, com.tale.controller.IndexController@763741d0, com.tale.service.CommentsService@d134dc4, com.tale.controller.admin.PageController@71b9a48e, com.tale.controller.admin.IndexController@e4de233, com.tale.controller.admin.CommentController@42b80beb, com.tale.controller.InstallController@55521315, com.tale.service.MetasService@697340e5, com.tale.init.WebContext@7e8e8689, com.tale.controller.admin.ArticleController@8ce6b82, com.tale.hooks.BaseWebHook@78a08ed6, com.tale.controller.admin.TemplateController@aabce23]
2018-02-21 18:25:09:013 INFO - [ _(:3」∠)_ ] j.t.JetEngineImpl         | JetEngine.version = 2.1.5
2018-02-21 18:25:09:013 INFO - [ _(:3」∠)_ ] j.t.JetEngineImpl         | JetEngine.loader = jetbrick.template.loader.ClasspathResourceLoader, root = /templates/, reload = true
2018-02-21 18:25:09:023 INFO - [ _(:3」∠)_ ] j.t.r.c.ClassResolver     | import package: java.lang.*
2018-02-21 18:25:09:024 INFO - [ _(:3」∠)_ ] j.t.r.c.ClassResolver     | import package: java.util.*
2018-02-21 18:25:09:026 INFO - [ _(:3」∠)_ ] j.t.r.m.MethodInvokerResolver | import 38 methods from class jetbrick.template.runtime.buildin.JetMethods
2018-02-21 18:25:09:028 INFO - [ _(:3」∠)_ ] j.t.r.f.FunctionInvokerResolver | import 11 functions from class jetbrick.template.runtime.buildin.JetFunctions
2018-02-21 18:25:09:030 INFO - [ _(:3」∠)_ ] j.t.r.t.TagInvokerResolver | import 2 tags from class jetbrick.template.runtime.buildin.JetTags
2018-02-21 18:25:09:032 INFO - [ _(:3」∠)_ ] j.t.r.GlobalResolver      | Scanning @JetMethods, @JetFunctions, @JetTags implements from [com.tale] ...
2018-02-21 18:25:09:059 INFO - [ _(:3」∠)_ ] j.t.r.GlobalResolver      | Found 0 annotated classes, time elapsed 26 ms.
2018-02-21 18:25:09:071 INFO - [ _(:3」∠)_ ] j.t.JetTemplateImpl       | Loading template: /comm/macros.html
2018-02-21 18:25:09:241 INFO - [ _(:3」∠)_ ] j.t.r.f.FunctionInvokerResolver | import 21 functions from class com.tale.extension.Commons
2018-02-21 18:25:09:242 INFO - [ _(:3」∠)_ ] j.t.r.f.FunctionInvokerResolver | import 50 functions from class com.tale.extension.Theme
2018-02-21 18:25:09:242 INFO - [ _(:3」∠)_ ] j.t.r.f.FunctionInvokerResolver | import 2 functions from class com.tale.extension.AdminCommons
2018-02-21 18:25:09:242 INFO - [ _(:3」∠)_ ] j.t.r.t.TagInvokerResolver | import 1 tags from class com.tale.extension.JetTag
2018-02-21 18:25:10:211 DEBUG - [ _(:3」∠)_ ] c.b.j.c.ActiveRecord      | ⬢ Execute SQL => SELECT * FROM t_options
2018-02-21 18:25:10:212 DEBUG - [ _(:3」∠)_ ] c.b.j.c.ActiveRecord      | ⬢ Parameters  => []
2018-02-21 18:25:10:296 INFO - [ _(:3」∠)_ ] c.b.s.n.NettyServer       | ⬢ Watched environment: true
2018-02-21 18:25:10:337 INFO - [ _(:3」∠)_ ] c.b.s.n.NettyServer       | ⬢ Use NioEventLoopGroup
2018-02-21 18:25:10:644 INFO - [ _(:3」∠)_ ] c.b.s.n.NettyServer       | ⬢ PureBert initialize successfully, Time elapsed: 2084 ms
2018-02-21 18:25:10:644 INFO - [ _(:3」∠)_ ] c.b.s.n.NettyServer       | ⬢ Blade start with 0.0.0.0:9000
2018-02-21 18:25:10:644 INFO - [ _(:3」∠)_ ] c.b.s.n.NettyServer       | ⬢ Open your web browser and navigate to http://127.0.0.1:9000 ⚡
2018-02-21 18:25:12:937 INFO - [ nio-worker@ thread-1 ] c.b.m.h.RequestExecution  | HTTP/1.1	GET	/
2018-02-21 18:25:12:957 INFO - [ nio-worker@ thread-1 ] c.t.h.BaseWebHook         | UserAgent: Mozilla/5.0 (Macintosh; Intel Mac OS X 10_13_2) AppleWebKit/537.36 (KHTML, like Gecko) Chrome/62.0.3202.62 Safari/537.36
2018-02-21 18:25:12:958 INFO - [ nio-worker@ thread-1 ] c.t.h.BaseWebHook         | 用户访问地址: /, 来路地址: 127.0.0.1
2018-02-21 18:25:12:963 INFO - [ nio-worker@ thread-1 ] j.t.JetTemplateImpl       | Loading template: themes/default/index.html
2018-02-21 18:25:12:976 INFO - [ nio-worker@ thread-1 ] j.t.JetTemplateImpl       | Loading template: themes/default/partial/header.html
2018-02-21 18:25:13:022 DEBUG - [ nio-worker@ thread-1 ] c.b.j.c.ActiveRecord      | ⬢ Execute SQL => SELECT COUNT(0) FROM (SELECT * FROM t_contents WHERE type = :p1 AND status = :p2) tmp
2018-02-21 18:25:13:022 DEBUG - [ nio-worker@ thread-1 ] c.b.j.c.ActiveRecord      | ⬢ Parameters  => [post, publish]
2018-02-21 18:25:13:064 DEBUG - [ nio-worker@ thread-1 ] c.b.j.c.ActiveRecord      | ⬢ Execute SQL => SELECT * FROM t_contents WHERE type = :p1 AND status = :p2 ORDER BY created desc LIMIT 0, 12
2018-02-21 18:25:13:065 DEBUG - [ nio-worker@ thread-1 ] c.b.j.c.ActiveRecord      | ⬢ Parameters  => [post, publish]
2018-02-21 18:25:13:338 DEBUG - [ nio-worker@ thread-1 ] c.b.j.c.ActiveRecord      | ⬢ Execute SQL => SELECT COUNT(0) FROM (SELECT * FROM t_contents WHERE type = :p1 AND status = :p2) tmp
2018-02-21 18:25:13:339 DEBUG - [ nio-worker@ thread-1 ] c.b.j.c.ActiveRecord      | ⬢ Parameters  => [post, publish]
2018-02-21 18:25:13:353 DEBUG - [ nio-worker@ thread-1 ] c.b.j.c.ActiveRecord      | ⬢ Execute SQL => SELECT * FROM t_contents WHERE type = :p1 AND status = :p2 ORDER BY created desc LIMIT 0, 12
2018-02-21 18:25:13:353 DEBUG - [ nio-worker@ thread-1 ] c.b.j.c.ActiveRecord      | ⬢ Parameters  => [post, publish]
2018-02-21 18:25:13:376 INFO - [ nio-worker@ thread-1 ] j.t.JetTemplateImpl       | Loading template: themes/default/partial/footer.html
2018-02-21 18:25:13:386 INFO - [ nio-worker@ thread-1 ] j.t.JetTemplateImpl       | Loading template: themes/default/partial/social.html
2018-02-21 18:25:13:393 DEBUG - [ nio-worker@ thread-1 ] c.b.j.c.ActiveRecord      | ⬢ Execute SQL => SELECT COUNT(0) FROM (SELECT * FROM t_contents WHERE status = :p1 AND type = :p2) tmp
2018-02-21 18:25:13:393 DEBUG - [ nio-worker@ thread-1 ] c.b.j.c.ActiveRecord      | ⬢ Parameters  => [publish, post]
2018-02-21 18:25:13:407 DEBUG - [ nio-worker@ thread-1 ] c.b.j.c.ActiveRecord      | ⬢ Execute SQL => SELECT * FROM t_contents WHERE status = :p1 AND type = :p2 ORDER BY created desc LIMIT 0, 8
2018-02-21 18:25:13:408 DEBUG - [ nio-worker@ thread-1 ] c.b.j.c.ActiveRecord      | ⬢ Parameters  => [publish, post]
2018-02-21 18:25:13:425 DEBUG - [ nio-worker@ thread-1 ] c.b.j.c.ActiveRecord      | ⬢ Execute SQL => SELECT COUNT(0) FROM (SELECT * FROM t_comments) tmp
2018-02-21 18:25:13:428 DEBUG - [ nio-worker@ thread-1 ] c.b.j.c.ActiveRecord      | ⬢ Parameters  => []
2018-02-21 18:25:13:440 DEBUG - [ nio-worker@ thread-1 ] c.b.j.c.ActiveRecord      | ⬢ Execute SQL => SELECT * FROM t_comments ORDER BY created desc LIMIT 0, 8
2018-02-21 18:25:13:440 DEBUG - [ nio-worker@ thread-1 ] c.b.j.c.ActiveRecord      | ⬢ Parameters  => []
2018-02-21 18:25:13:504 INFO - [ nio-worker@ thread-3 ] c.b.s.n.StaticFileHandler | HTTP/1.1	GET	/static/admin/plugins/jquery/3.2.1/jquery.min.js
2018-02-21 18:25:13:505 INFO - [ nio-worker@ thread-2 ] c.b.s.n.StaticFileHandler | HTTP/1.1	GET	/templates/themes/default/static/css/style.min.css
2018-02-21 18:25:13:510 INFO - [ nio-worker@ thread-1 ] c.b.s.n.StaticFileHandler | HTTP/1.1	GET	/templates/themes/default/static/css/xcode.min.css
2018-02-21 18:25:13:525 INFO - [ nio-worker@ thread-3 ] c.b.s.n.StaticFileHandler | HTTP/1.1	GET	/templates/themes/default/static/js/headroom.min.js
2018-02-21 18:25:13:530 INFO - [ nio-worker@ thread-3 ] c.b.s.n.StaticFileHandler | HTTP/1.1	GET	/templates/themes/default/static/js/instantclick.min.js
2018-02-21 18:25:13:534 INFO - [ nio-worker@ thread-3 ] c.b.s.n.StaticFileHandler | HTTP/1.1	GET	/templates/themes/default/static/img/logo.png
2018-02-21 18:25:13:546 INFO - [ nio-worker@ thread-3 ] c.b.s.n.StaticFileHandler | HTTP/1.1	GET	/templates/themes/default/static/img/bg-ico.png
2018-02-21 18:25:14:847 INFO - [ nio-worker@ thread-3 ] c.b.m.h.RequestExecution  | HTTP/1.1	GET	/
2018-02-21 18:25:14:848 INFO - [ nio-worker@ thread-3 ] c.t.h.BaseWebHook         | UserAgent: Mozilla/5.0 (Macintosh; Intel Mac OS X 10_13_2) AppleWebKit/537.36 (KHTML, like Gecko) Chrome/62.0.3202.62 Safari/537.36
2018-02-21 18:25:14:848 INFO - [ nio-worker@ thread-3 ] c.t.h.BaseWebHook         | 用户访问地址: /, 来路地址: 127.0.0.1
2018-02-21 18:25:14:851 DEBUG - [ nio-worker@ thread-3 ] c.b.j.c.ActiveRecord      | ⬢ Execute SQL => SELECT COUNT(0) FROM (SELECT * FROM t_contents WHERE type = :p1 AND status = :p2) tmp
2018-02-21 18:25:14:852 DEBUG - [ nio-worker@ thread-3 ] c.b.j.c.ActiveRecord      | ⬢ Parameters  => [post, publish]
2018-02-21 18:25:14:862 DEBUG - [ nio-worker@ thread-3 ] c.b.j.c.ActiveRecord      | ⬢ Execute SQL => SELECT * FROM t_contents WHERE type = :p1 AND status = :p2 ORDER BY created desc LIMIT 0, 12
2018-02-21 18:25:14:862 DEBUG - [ nio-worker@ thread-3 ] c.b.j.c.ActiveRecord      | ⬢ Parameters  => [post, publish]
2018-02-21 18:25:14:924 DEBUG - [ nio-worker@ thread-3 ] c.b.j.c.ActiveRecord      | ⬢ Execute SQL => SELECT COUNT(0) FROM (SELECT * FROM t_contents WHERE type = :p1 AND status = :p2) tmp
2018-02-21 18:25:14:925 DEBUG - [ nio-worker@ thread-3 ] c.b.j.c.ActiveRecord      | ⬢ Parameters  => [post, publish]
2018-02-21 18:25:14:939 DEBUG - [ nio-worker@ thread-3 ] c.b.j.c.ActiveRecord      | ⬢ Execute SQL => SELECT * FROM t_contents WHERE type = :p1 AND status = :p2 ORDER BY created desc LIMIT 0, 12
2018-02-21 18:25:14:939 DEBUG - [ nio-worker@ thread-3 ] c.b.j.c.ActiveRecord      | ⬢ Parameters  => [post, publish]
2018-02-21 18:25:14:950 DEBUG - [ nio-worker@ thread-3 ] c.b.j.c.ActiveRecord      | ⬢ Execute SQL => SELECT COUNT(0) FROM (SELECT * FROM t_contents WHERE status = :p1 AND type = :p2) tmp
2018-02-21 18:25:14:951 DEBUG - [ nio-worker@ thread-3 ] c.b.j.c.ActiveRecord      | ⬢ Parameters  => [publish, post]
2018-02-21 18:25:14:959 DEBUG - [ nio-worker@ thread-3 ] c.b.j.c.ActiveRecord      | ⬢ Execute SQL => SELECT * FROM t_contents WHERE status = :p1 AND type = :p2 ORDER BY created desc LIMIT 0, 8
2018-02-21 18:25:14:959 DEBUG - [ nio-worker@ thread-3 ] c.b.j.c.ActiveRecord      | ⬢ Parameters  => [publish, post]
2018-02-21 18:25:14:971 DEBUG - [ nio-worker@ thread-3 ] c.b.j.c.ActiveRecord      | ⬢ Execute SQL => SELECT COUNT(0) FROM (SELECT * FROM t_comments) tmp
2018-02-21 18:25:14:971 DEBUG - [ nio-worker@ thread-3 ] c.b.j.c.ActiveRecord      | ⬢ Parameters  => []
2018-02-21 18:25:14:982 DEBUG - [ nio-worker@ thread-3 ] c.b.j.c.ActiveRecord      | ⬢ Execute SQL => SELECT * FROM t_comments ORDER BY created desc LIMIT 0, 8
2018-02-21 18:25:14:982 DEBUG - [ nio-worker@ thread-3 ] c.b.j.c.ActiveRecord      | ⬢ Parameters  => []
2018-02-21 18:25:28:518 INFO - [ nio-worker@ thread-7 ] c.b.m.h.RequestExecution  | HTTP/1.1	GET	/article/8
2018-02-21 18:25:28:523 INFO - [ nio-worker@ thread-7 ] c.t.h.BaseWebHook         | UserAgent: Mozilla/5.0 (Macintosh; Intel Mac OS X 10_13_2) AppleWebKit/537.36 (KHTML, like Gecko) Chrome/62.0.3202.62 Safari/537.36
2018-02-21 18:25:28:523 INFO - [ nio-worker@ thread-7 ] c.t.h.BaseWebHook         | 用户访问地址: /article/8, 来路地址: 127.0.0.1
2018-02-21 18:25:28:524 DEBUG - [ nio-worker@ thread-7 ] c.b.j.c.ActiveRecord      | ⬢ Execute SQL => SELECT * FROM t_contents WHERE cid = :p1
2018-02-21 18:25:28:524 DEBUG - [ nio-worker@ thread-7 ] c.b.j.c.ActiveRecord      | ⬢ Parameters  => [8]
2018-02-21 18:25:28:545 DEBUG - [ nio-worker@ thread-7 ] c.b.j.c.ActiveRecord      | ⬢ Execute SQL => UPDATE t_contents SET hits = :p1 WHERE cid = :p2
2018-02-21 18:25:28:545 DEBUG - [ nio-worker@ thread-7 ] c.b.j.c.ActiveRecord      | ⬢ Parameters  => [78, 8]
2018-02-21 18:25:28:569 INFO - [ nio-worker@ thread-7 ] j.t.JetTemplateImpl       | Loading template: themes/default/post.html
2018-02-21 18:25:28:607 DEBUG - [ nio-worker@ thread-7 ] c.b.j.c.ActiveRecord      | ⬢ Execute SQL => SELECT * FROM t_contents WHERE type = :p1 AND status = :p2 AND created < :p3 ORDER BY created DESC LIMIT 1
2018-02-21 18:25:28:608 DEBUG - [ nio-worker@ thread-7 ] c.b.j.c.ActiveRecord      | ⬢ Parameters  => [post, publish, 1519199014]
2018-02-21 18:25:28:623 DEBUG - [ nio-worker@ thread-7 ] c.b.j.c.ActiveRecord      | ⬢ Execute SQL => SELECT * FROM t_contents WHERE type = :p1 AND status = :p2 AND created > :p3 ORDER BY created ASC LIMIT 1
2018-02-21 18:25:28:623 DEBUG - [ nio-worker@ thread-7 ] c.b.j.c.ActiveRecord      | ⬢ Parameters  => [post, publish, 1519199014]
2018-02-21 18:25:28:636 INFO - [ nio-worker@ thread-7 ] j.t.JetTemplateImpl       | Loading template: themes/default/partial/comments.html
2018-02-21 18:25:28:652 DEBUG - [ nio-worker@ thread-7 ] c.b.j.c.ActiveRecord      | ⬢ Execute SQL => SELECT COUNT(0) FROM (SELECT * FROM t_comments WHERE cid = :p1 AND parent = :p2) tmp
2018-02-21 18:25:28:652 DEBUG - [ nio-worker@ thread-7 ] c.b.j.c.ActiveRecord      | ⬢ Parameters  => [8, 0]
2018-02-21 18:25:28:663 DEBUG - [ nio-worker@ thread-7 ] c.b.j.c.ActiveRecord      | ⬢ Execute SQL => SELECT * FROM t_comments WHERE cid = :p1 AND parent = :p2 ORDER BY coid desc LIMIT 0, 6
2018-02-21 18:25:28:663 DEBUG - [ nio-worker@ thread-7 ] c.b.j.c.ActiveRecord      | ⬢ Parameters  => [8, 0]
2018-02-21 18:25:28:680 DEBUG - [ nio-worker@ thread-7 ] c.b.j.c.ActiveRecord      | ⬢ Execute SQL => SELECT * FROM t_comments WHERE parent = :p1 ORDER BY coid ASC
2018-02-21 18:25:28:680 DEBUG - [ nio-worker@ thread-7 ] c.b.j.c.ActiveRecord      | ⬢ Parameters  => [4]
2018-02-21 18:25:28:693 DEBUG - [ nio-worker@ thread-7 ] c.b.j.c.ActiveRecord      | ⬢ Execute SQL => SELECT COUNT(0) FROM (SELECT * FROM t_comments WHERE cid = :p1 AND parent = :p2) tmp
2018-02-21 18:25:28:693 DEBUG - [ nio-worker@ thread-7 ] c.b.j.c.ActiveRecord      | ⬢ Parameters  => [8, 0]
2018-02-21 18:25:28:704 DEBUG - [ nio-worker@ thread-7 ] c.b.j.c.ActiveRecord      | ⬢ Execute SQL => SELECT * FROM t_comments WHERE cid = :p1 AND parent = :p2 ORDER BY coid desc LIMIT 0, 6
2018-02-21 18:25:28:704 DEBUG - [ nio-worker@ thread-7 ] c.b.j.c.ActiveRecord      | ⬢ Parameters  => [8, 0]
2018-02-21 18:25:28:723 DEBUG - [ nio-worker@ thread-7 ] c.b.j.c.ActiveRecord      | ⬢ Execute SQL => SELECT * FROM t_comments WHERE parent = :p1 ORDER BY coid ASC
2018-02-21 18:25:28:724 DEBUG - [ nio-worker@ thread-7 ] c.b.j.c.ActiveRecord      | ⬢ Parameters  => [4]
2018-02-21 18:25:28:753 INFO - [ nio-worker@ thread-7 ] j.t.JetTemplateImpl       | Loading template: /comm/tale_comment.html
2018-02-21 18:25:28:755 DEBUG - [ nio-worker@ thread-7 ] c.b.j.c.ActiveRecord      | ⬢ Execute SQL => SELECT COUNT(0) FROM (SELECT * FROM t_contents WHERE status = :p1 AND type = :p2) tmp
2018-02-21 18:25:28:755 DEBUG - [ nio-worker@ thread-7 ] c.b.j.c.ActiveRecord      | ⬢ Parameters  => [publish, post]
2018-02-21 18:25:28:764 DEBUG - [ nio-worker@ thread-7 ] c.b.j.c.ActiveRecord      | ⬢ Execute SQL => SELECT * FROM t_contents WHERE status = :p1 AND type = :p2 ORDER BY created desc LIMIT 0, 8
2018-02-21 18:25:28:764 DEBUG - [ nio-worker@ thread-7 ] c.b.j.c.ActiveRecord      | ⬢ Parameters  => [publish, post]
2018-02-21 18:25:28:776 DEBUG - [ nio-worker@ thread-7 ] c.b.j.c.ActiveRecord      | ⬢ Execute SQL => SELECT COUNT(0) FROM (SELECT * FROM t_comments) tmp
2018-02-21 18:25:28:776 DEBUG - [ nio-worker@ thread-7 ] c.b.j.c.ActiveRecord      | ⬢ Parameters  => []
2018-02-21 18:25:28:784 DEBUG - [ nio-worker@ thread-7 ] c.b.j.c.ActiveRecord      | ⬢ Execute SQL => SELECT * FROM t_comments ORDER BY created desc LIMIT 0, 8
2018-02-21 18:25:28:785 DEBUG - [ nio-worker@ thread-7 ] c.b.j.c.ActiveRecord      | ⬢ Parameters  => []
2018-02-21 18:26:34:941 INFO - [ nio-worker@ thread-8 ] c.b.m.h.RequestExecution  | HTTP/1.1	GET	/article/8
2018-02-21 18:26:34:942 INFO - [ nio-worker@ thread-8 ] c.t.h.BaseWebHook         | UserAgent: Mozilla/5.0 (Macintosh; Intel Mac OS X 10_13_2) AppleWebKit/537.36 (KHTML, like Gecko) Chrome/62.0.3202.62 Safari/537.36
2018-02-21 18:26:34:943 INFO - [ nio-worker@ thread-8 ] c.t.h.BaseWebHook         | 用户访问地址: /article/8, 来路地址: 127.0.0.1
2018-02-21 18:26:34:954 DEBUG - [ nio-worker@ thread-8 ] c.b.j.c.ActiveRecord      | ⬢ Execute SQL => SELECT * FROM t_contents WHERE cid = :p1
2018-02-21 18:26:34:954 DEBUG - [ nio-worker@ thread-8 ] c.b.j.c.ActiveRecord      | ⬢ Parameters  => [8]
2018-02-21 18:26:34:966 DEBUG - [ nio-worker@ thread-8 ] c.b.j.c.ActiveRecord      | ⬢ Execute SQL => UPDATE t_contents SET hits = :p1 WHERE cid = :p2
2018-02-21 18:26:34:966 DEBUG - [ nio-worker@ thread-8 ] c.b.j.c.ActiveRecord      | ⬢ Parameters  => [79, 8]
2018-02-21 18:26:34:990 DEBUG - [ nio-worker@ thread-8 ] c.b.j.c.ActiveRecord      | ⬢ Execute SQL => SELECT * FROM t_contents WHERE type = :p1 AND status = :p2 AND created < :p3 ORDER BY created DESC LIMIT 1
2018-02-21 18:26:34:991 DEBUG - [ nio-worker@ thread-8 ] c.b.j.c.ActiveRecord      | ⬢ Parameters  => [post, publish, 1519199014]
2018-02-21 18:26:35:003 DEBUG - [ nio-worker@ thread-8 ] c.b.j.c.ActiveRecord      | ⬢ Execute SQL => SELECT * FROM t_contents WHERE type = :p1 AND status = :p2 AND created > :p3 ORDER BY created ASC LIMIT 1
2018-02-21 18:26:35:003 DEBUG - [ nio-worker@ thread-8 ] c.b.j.c.ActiveRecord      | ⬢ Parameters  => [post, publish, 1519199014]
2018-02-21 18:26:35:015 DEBUG - [ nio-worker@ thread-8 ] c.b.j.c.ActiveRecord      | ⬢ Execute SQL => SELECT COUNT(0) FROM (SELECT * FROM t_comments WHERE cid = :p1 AND parent = :p2) tmp
2018-02-21 18:26:35:015 DEBUG - [ nio-worker@ thread-8 ] c.b.j.c.ActiveRecord      | ⬢ Parameters  => [8, 0]
2018-02-21 18:26:35:027 DEBUG - [ nio-worker@ thread-8 ] c.b.j.c.ActiveRecord      | ⬢ Execute SQL => SELECT * FROM t_comments WHERE cid = :p1 AND parent = :p2 ORDER BY coid desc LIMIT 0, 6
2018-02-21 18:26:35:027 DEBUG - [ nio-worker@ thread-8 ] c.b.j.c.ActiveRecord      | ⬢ Parameters  => [8, 0]
2018-02-21 18:26:35:038 DEBUG - [ nio-worker@ thread-8 ] c.b.j.c.ActiveRecord      | ⬢ Execute SQL => SELECT * FROM t_comments WHERE parent = :p1 ORDER BY coid ASC
2018-02-21 18:26:35:039 DEBUG - [ nio-worker@ thread-8 ] c.b.j.c.ActiveRecord      | ⬢ Parameters  => [4]
2018-02-21 18:26:35:048 DEBUG - [ nio-worker@ thread-8 ] c.b.j.c.ActiveRecord      | ⬢ Execute SQL => SELECT COUNT(0) FROM (SELECT * FROM t_comments WHERE cid = :p1 AND parent = :p2) tmp
2018-02-21 18:26:35:048 DEBUG - [ nio-worker@ thread-8 ] c.b.j.c.ActiveRecord      | ⬢ Parameters  => [8, 0]
2018-02-21 18:26:35:059 DEBUG - [ nio-worker@ thread-8 ] c.b.j.c.ActiveRecord      | ⬢ Execute SQL => SELECT * FROM t_comments WHERE cid = :p1 AND parent = :p2 ORDER BY coid desc LIMIT 0, 6
2018-02-21 18:26:35:059 DEBUG - [ nio-worker@ thread-8 ] c.b.j.c.ActiveRecord      | ⬢ Parameters  => [8, 0]
2018-02-21 18:26:35:071 DEBUG - [ nio-worker@ thread-8 ] c.b.j.c.ActiveRecord      | ⬢ Execute SQL => SELECT * FROM t_comments WHERE parent = :p1 ORDER BY coid ASC
2018-02-21 18:26:35:071 DEBUG - [ nio-worker@ thread-8 ] c.b.j.c.ActiveRecord      | ⬢ Parameters  => [4]
2018-02-21 18:26:35:084 DEBUG - [ nio-worker@ thread-8 ] c.b.j.c.ActiveRecord      | ⬢ Execute SQL => SELECT COUNT(0) FROM (SELECT * FROM t_contents WHERE status = :p1 AND type = :p2) tmp
2018-02-21 18:26:35:084 DEBUG - [ nio-worker@ thread-8 ] c.b.j.c.ActiveRecord      | ⬢ Parameters  => [publish, post]
2018-02-21 18:26:35:094 DEBUG - [ nio-worker@ thread-8 ] c.b.j.c.ActiveRecord      | ⬢ Execute SQL => SELECT * FROM t_contents WHERE status = :p1 AND type = :p2 ORDER BY created desc LIMIT 0, 8
2018-02-21 18:26:35:094 DEBUG - [ nio-worker@ thread-8 ] c.b.j.c.ActiveRecord      | ⬢ Parameters  => [publish, post]
2018-02-21 18:26:35:106 DEBUG - [ nio-worker@ thread-8 ] c.b.j.c.ActiveRecord      | ⬢ Execute SQL => SELECT COUNT(0) FROM (SELECT * FROM t_comments) tmp
2018-02-21 18:26:35:106 DEBUG - [ nio-worker@ thread-8 ] c.b.j.c.ActiveRecord      | ⬢ Parameters  => []
2018-02-21 18:26:35:115 DEBUG - [ nio-worker@ thread-8 ] c.b.j.c.ActiveRecord      | ⬢ Execute SQL => SELECT * FROM t_comments ORDER BY created desc LIMIT 0, 8
2018-02-21 18:26:35:116 DEBUG - [ nio-worker@ thread-8 ] c.b.j.c.ActiveRecord      | ⬢ Parameters  => []
2018-02-21 18:26:35:157 INFO - [ nio-worker@ thread-8 ] c.b.s.n.StaticFileHandler | HTTP/1.1	GET	/templates/themes/default/static/js/headroom.min.js
2018-02-21 18:26:35:165 INFO - [ nio-worker@ thread-1 ] c.b.s.n.StaticFileHandler | HTTP/1.1	GET	/templates/themes/default/static/js/instantclick.min.js
2018-02-21 18:26:35:822 INFO - [ nio-worker@ thread-1 ] c.b.m.h.RequestExecution  | HTTP/1.1	GET	/article/8
2018-02-21 18:26:35:822 INFO - [ nio-worker@ thread-1 ] c.t.h.BaseWebHook         | UserAgent: Mozilla/5.0 (Macintosh; Intel Mac OS X 10_13_2) AppleWebKit/537.36 (KHTML, like Gecko) Chrome/62.0.3202.62 Safari/537.36
2018-02-21 18:26:35:823 INFO - [ nio-worker@ thread-1 ] c.t.h.BaseWebHook         | 用户访问地址: /article/8, 来路地址: 127.0.0.1
2018-02-21 18:26:35:823 DEBUG - [ nio-worker@ thread-1 ] c.b.j.c.ActiveRecord      | ⬢ Execute SQL => SELECT * FROM t_contents WHERE cid = :p1
2018-02-21 18:26:35:823 DEBUG - [ nio-worker@ thread-1 ] c.b.j.c.ActiveRecord      | ⬢ Parameters  => [8]
2018-02-21 18:26:35:834 DEBUG - [ nio-worker@ thread-1 ] c.b.j.c.ActiveRecord      | ⬢ Execute SQL => UPDATE t_contents SET hits = :p1 WHERE cid = :p2
2018-02-21 18:26:35:834 DEBUG - [ nio-worker@ thread-1 ] c.b.j.c.ActiveRecord      | ⬢ Parameters  => [80, 8]
2018-02-21 18:26:35:863 DEBUG - [ nio-worker@ thread-1 ] c.b.j.c.ActiveRecord      | ⬢ Execute SQL => SELECT * FROM t_contents WHERE type = :p1 AND status = :p2 AND created < :p3 ORDER BY created DESC LIMIT 1
2018-02-21 18:26:35:863 DEBUG - [ nio-worker@ thread-1 ] c.b.j.c.ActiveRecord      | ⬢ Parameters  => [post, publish, 1519199014]
2018-02-21 18:26:35:874 DEBUG - [ nio-worker@ thread-1 ] c.b.j.c.ActiveRecord      | ⬢ Execute SQL => SELECT * FROM t_contents WHERE type = :p1 AND status = :p2 AND created > :p3 ORDER BY created ASC LIMIT 1
2018-02-21 18:26:35:875 DEBUG - [ nio-worker@ thread-1 ] c.b.j.c.ActiveRecord      | ⬢ Parameters  => [post, publish, 1519199014]
2018-02-21 18:26:35:886 DEBUG - [ nio-worker@ thread-1 ] c.b.j.c.ActiveRecord      | ⬢ Execute SQL => SELECT COUNT(0) FROM (SELECT * FROM t_comments WHERE cid = :p1 AND parent = :p2) tmp
2018-02-21 18:26:35:886 DEBUG - [ nio-worker@ thread-1 ] c.b.j.c.ActiveRecord      | ⬢ Parameters  => [8, 0]
2018-02-21 18:26:35:896 DEBUG - [ nio-worker@ thread-1 ] c.b.j.c.ActiveRecord      | ⬢ Execute SQL => SELECT * FROM t_comments WHERE cid = :p1 AND parent = :p2 ORDER BY coid desc LIMIT 0, 6
2018-02-21 18:26:35:897 DEBUG - [ nio-worker@ thread-1 ] c.b.j.c.ActiveRecord      | ⬢ Parameters  => [8, 0]
2018-02-21 18:26:35:908 DEBUG - [ nio-worker@ thread-1 ] c.b.j.c.ActiveRecord      | ⬢ Execute SQL => SELECT * FROM t_comments WHERE parent = :p1 ORDER BY coid ASC
2018-02-21 18:26:35:909 DEBUG - [ nio-worker@ thread-1 ] c.b.j.c.ActiveRecord      | ⬢ Parameters  => [4]
2018-02-21 18:26:35:918 DEBUG - [ nio-worker@ thread-1 ] c.b.j.c.ActiveRecord      | ⬢ Execute SQL => SELECT COUNT(0) FROM (SELECT * FROM t_comments WHERE cid = :p1 AND parent = :p2) tmp
2018-02-21 18:26:35:918 DEBUG - [ nio-worker@ thread-1 ] c.b.j.c.ActiveRecord      | ⬢ Parameters  => [8, 0]
2018-02-21 18:26:35:927 DEBUG - [ nio-worker@ thread-1 ] c.b.j.c.ActiveRecord      | ⬢ Execute SQL => SELECT * FROM t_comments WHERE cid = :p1 AND parent = :p2 ORDER BY coid desc LIMIT 0, 6
2018-02-21 18:26:35:927 DEBUG - [ nio-worker@ thread-1 ] c.b.j.c.ActiveRecord      | ⬢ Parameters  => [8, 0]
2018-02-21 18:26:35:940 DEBUG - [ nio-worker@ thread-1 ] c.b.j.c.ActiveRecord      | ⬢ Execute SQL => SELECT * FROM t_comments WHERE parent = :p1 ORDER BY coid ASC
2018-02-21 18:26:35:940 DEBUG - [ nio-worker@ thread-1 ] c.b.j.c.ActiveRecord      | ⬢ Parameters  => [4]
2018-02-21 18:26:35:952 DEBUG - [ nio-worker@ thread-1 ] c.b.j.c.ActiveRecord      | ⬢ Execute SQL => SELECT COUNT(0) FROM (SELECT * FROM t_contents WHERE status = :p1 AND type = :p2) tmp
2018-02-21 18:26:35:952 DEBUG - [ nio-worker@ thread-1 ] c.b.j.c.ActiveRecord      | ⬢ Parameters  => [publish, post]
2018-02-21 18:26:35:972 DEBUG - [ nio-worker@ thread-1 ] c.b.j.c.ActiveRecord      | ⬢ Execute SQL => SELECT * FROM t_contents WHERE status = :p1 AND type = :p2 ORDER BY created desc LIMIT 0, 8
2018-02-21 18:26:35:972 DEBUG - [ nio-worker@ thread-1 ] c.b.j.c.ActiveRecord      | ⬢ Parameters  => [publish, post]
2018-02-21 18:26:35:984 DEBUG - [ nio-worker@ thread-1 ] c.b.j.c.ActiveRecord      | ⬢ Execute SQL => SELECT COUNT(0) FROM (SELECT * FROM t_comments) tmp
2018-02-21 18:26:35:984 DEBUG - [ nio-worker@ thread-1 ] c.b.j.c.ActiveRecord      | ⬢ Parameters  => []
2018-02-21 18:26:35:999 DEBUG - [ nio-worker@ thread-1 ] c.b.j.c.ActiveRecord      | ⬢ Execute SQL => SELECT * FROM t_comments ORDER BY created desc LIMIT 0, 8
2018-02-21 18:26:35:999 DEBUG - [ nio-worker@ thread-1 ] c.b.j.c.ActiveRecord      | ⬢ Parameters  => []
2018-02-21 18:27:07:453 INFO - [ nio-worker@ thread-2 ] c.b.m.h.RequestExecution  | HTTP/1.1	GET	/about
2018-02-21 18:27:07:456 INFO - [ nio-worker@ thread-2 ] c.t.h.BaseWebHook         | UserAgent: Mozilla/5.0 (Macintosh; Intel Mac OS X 10_13_2) AppleWebKit/537.36 (KHTML, like Gecko) Chrome/62.0.3202.62 Safari/537.36
2018-02-21 18:27:07:456 INFO - [ nio-worker@ thread-2 ] c.t.h.BaseWebHook         | 用户访问地址: /about, 来路地址: 127.0.0.1
2018-02-21 18:27:07:456 DEBUG - [ nio-worker@ thread-2 ] c.b.j.c.ActiveRecord      | ⬢ Execute SQL => SELECT * FROM t_contents WHERE slug = :p1
2018-02-21 18:27:07:456 DEBUG - [ nio-worker@ thread-2 ] c.b.j.c.ActiveRecord      | ⬢ Parameters  => [about]
2018-02-21 18:27:07:467 DEBUG - [ nio-worker@ thread-2 ] c.b.j.c.ActiveRecord      | ⬢ Execute SQL => UPDATE t_contents SET hits = :p1 WHERE cid = :p2
2018-02-21 18:27:07:468 DEBUG - [ nio-worker@ thread-2 ] c.b.j.c.ActiveRecord      | ⬢ Parameters  => [8, 1]
2018-02-21 18:27:07:480 INFO - [ nio-worker@ thread-2 ] j.t.JetTemplateImpl       | Loading template: themes/default/page.html
2018-02-21 18:27:07:484 DEBUG - [ nio-worker@ thread-2 ] c.b.j.c.ActiveRecord      | ⬢ Execute SQL => SELECT COUNT(0) FROM (SELECT * FROM t_comments WHERE cid = :p1 AND parent = :p2) tmp
2018-02-21 18:27:07:484 DEBUG - [ nio-worker@ thread-2 ] c.b.j.c.ActiveRecord      | ⬢ Parameters  => [1, 0]
2018-02-21 18:27:07:494 DEBUG - [ nio-worker@ thread-2 ] c.b.j.c.ActiveRecord      | ⬢ Execute SQL => SELECT * FROM t_comments WHERE cid = :p1 AND parent = :p2 ORDER BY coid desc LIMIT 0, 6
2018-02-21 18:27:07:494 DEBUG - [ nio-worker@ thread-2 ] c.b.j.c.ActiveRecord      | ⬢ Parameters  => [1, 0]
2018-02-21 18:27:07:505 DEBUG - [ nio-worker@ thread-2 ] c.b.j.c.ActiveRecord      | ⬢ Execute SQL => SELECT COUNT(0) FROM (SELECT * FROM t_contents WHERE status = :p1 AND type = :p2) tmp
2018-02-21 18:27:07:505 DEBUG - [ nio-worker@ thread-2 ] c.b.j.c.ActiveRecord      | ⬢ Parameters  => [publish, post]
2018-02-21 18:27:07:514 DEBUG - [ nio-worker@ thread-2 ] c.b.j.c.ActiveRecord      | ⬢ Execute SQL => SELECT * FROM t_contents WHERE status = :p1 AND type = :p2 ORDER BY created desc LIMIT 0, 8
2018-02-21 18:27:07:514 DEBUG - [ nio-worker@ thread-2 ] c.b.j.c.ActiveRecord      | ⬢ Parameters  => [publish, post]
2018-02-21 18:27:07:528 DEBUG - [ nio-worker@ thread-2 ] c.b.j.c.ActiveRecord      | ⬢ Execute SQL => SELECT COUNT(0) FROM (SELECT * FROM t_comments) tmp
2018-02-21 18:27:07:529 DEBUG - [ nio-worker@ thread-2 ] c.b.j.c.ActiveRecord      | ⬢ Parameters  => []
2018-02-21 18:27:07:537 DEBUG - [ nio-worker@ thread-2 ] c.b.j.c.ActiveRecord      | ⬢ Execute SQL => SELECT * FROM t_comments ORDER BY created desc LIMIT 0, 8
2018-02-21 18:27:07:537 DEBUG - [ nio-worker@ thread-2 ] c.b.j.c.ActiveRecord      | ⬢ Parameters  => []
2018-02-21 18:27:09:001 INFO - [ nio-worker@ thread-2 ] c.b.m.h.RequestExecution  | HTTP/1.1	GET	/links
2018-02-21 18:27:09:002 INFO - [ nio-worker@ thread-2 ] c.t.h.BaseWebHook         | UserAgent: Mozilla/5.0 (Macintosh; Intel Mac OS X 10_13_2) AppleWebKit/537.36 (KHTML, like Gecko) Chrome/62.0.3202.62 Safari/537.36
2018-02-21 18:27:09:002 INFO - [ nio-worker@ thread-2 ] c.t.h.BaseWebHook         | 用户访问地址: /links, 来路地址: 127.0.0.1
2018-02-21 18:27:09:005 DEBUG - [ nio-worker@ thread-2 ] c.b.j.c.ActiveRecord      | ⬢ Execute SQL => SELECT * FROM t_contents WHERE slug = :p1
2018-02-21 18:27:09:006 DEBUG - [ nio-worker@ thread-2 ] c.b.j.c.ActiveRecord      | ⬢ Parameters  => [links]
2018-02-21 18:27:09:017 DEBUG - [ nio-worker@ thread-2 ] c.b.j.c.ActiveRecord      | ⬢ Execute SQL => UPDATE t_contents SET hits = :p1 WHERE cid = :p2
2018-02-21 18:27:09:017 DEBUG - [ nio-worker@ thread-2 ] c.b.j.c.ActiveRecord      | ⬢ Parameters  => [5, 3]
2018-02-21 18:27:09:040 DEBUG - [ nio-worker@ thread-2 ] c.b.j.c.ActiveRecord      | ⬢ Execute SQL => SELECT COUNT(0) FROM (SELECT * FROM t_comments WHERE cid = :p1 AND parent = :p2) tmp
2018-02-21 18:27:09:040 DEBUG - [ nio-worker@ thread-2 ] c.b.j.c.ActiveRecord      | ⬢ Parameters  => [3, 0]
2018-02-21 18:27:09:049 DEBUG - [ nio-worker@ thread-2 ] c.b.j.c.ActiveRecord      | ⬢ Execute SQL => SELECT * FROM t_comments WHERE cid = :p1 AND parent = :p2 ORDER BY coid desc LIMIT 0, 6
2018-02-21 18:27:09:049 DEBUG - [ nio-worker@ thread-2 ] c.b.j.c.ActiveRecord      | ⬢ Parameters  => [3, 0]
2018-02-21 18:27:09:058 DEBUG - [ nio-worker@ thread-2 ] c.b.j.c.ActiveRecord      | ⬢ Execute SQL => SELECT COUNT(0) FROM (SELECT * FROM t_contents WHERE status = :p1 AND type = :p2) tmp
2018-02-21 18:27:09:058 DEBUG - [ nio-worker@ thread-2 ] c.b.j.c.ActiveRecord      | ⬢ Parameters  => [publish, post]
2018-02-21 18:27:09:070 DEBUG - [ nio-worker@ thread-2 ] c.b.j.c.ActiveRecord      | ⬢ Execute SQL => SELECT * FROM t_contents WHERE status = :p1 AND type = :p2 ORDER BY created desc LIMIT 0, 8
2018-02-21 18:27:09:070 DEBUG - [ nio-worker@ thread-2 ] c.b.j.c.ActiveRecord      | ⬢ Parameters  => [publish, post]
2018-02-21 18:27:09:083 DEBUG - [ nio-worker@ thread-2 ] c.b.j.c.ActiveRecord      | ⬢ Execute SQL => SELECT COUNT(0) FROM (SELECT * FROM t_comments) tmp
2018-02-21 18:27:09:083 DEBUG - [ nio-worker@ thread-2 ] c.b.j.c.ActiveRecord      | ⬢ Parameters  => []
2018-02-21 18:27:09:092 DEBUG - [ nio-worker@ thread-2 ] c.b.j.c.ActiveRecord      | ⬢ Execute SQL => SELECT * FROM t_comments ORDER BY created desc LIMIT 0, 8
2018-02-21 18:27:09:093 DEBUG - [ nio-worker@ thread-2 ] c.b.j.c.ActiveRecord      | ⬢ Parameters  => []
2018-02-21 18:27:11:363 INFO - [ nio-worker@ thread-3 ] c.b.m.h.RequestExecution  | HTTP/1.1	GET	/links
2018-02-21 18:27:11:364 INFO - [ nio-worker@ thread-3 ] c.t.h.BaseWebHook         | UserAgent: Mozilla/5.0 (Macintosh; Intel Mac OS X 10_13_2) AppleWebKit/537.36 (KHTML, like Gecko) Chrome/62.0.3202.62 Safari/537.36
2018-02-21 18:27:11:364 INFO - [ nio-worker@ thread-3 ] c.t.h.BaseWebHook         | 用户访问地址: /links, 来路地址: 127.0.0.1
2018-02-21 18:27:11:365 DEBUG - [ nio-worker@ thread-3 ] c.b.j.c.ActiveRecord      | ⬢ Execute SQL => SELECT * FROM t_contents WHERE slug = :p1
2018-02-21 18:27:11:365 DEBUG - [ nio-worker@ thread-3 ] c.b.j.c.ActiveRecord      | ⬢ Parameters  => [links]
2018-02-21 18:27:11:376 DEBUG - [ nio-worker@ thread-3 ] c.b.j.c.ActiveRecord      | ⬢ Execute SQL => UPDATE t_contents SET hits = :p1 WHERE cid = :p2
2018-02-21 18:27:11:376 DEBUG - [ nio-worker@ thread-3 ] c.b.j.c.ActiveRecord      | ⬢ Parameters  => [6, 3]
2018-02-21 18:27:11:391 DEBUG - [ nio-worker@ thread-3 ] c.b.j.c.ActiveRecord      | ⬢ Execute SQL => SELECT COUNT(0) FROM (SELECT * FROM t_comments WHERE cid = :p1 AND parent = :p2) tmp
2018-02-21 18:27:11:391 DEBUG - [ nio-worker@ thread-3 ] c.b.j.c.ActiveRecord      | ⬢ Parameters  => [3, 0]
2018-02-21 18:27:11:400 DEBUG - [ nio-worker@ thread-3 ] c.b.j.c.ActiveRecord      | ⬢ Execute SQL => SELECT * FROM t_comments WHERE cid = :p1 AND parent = :p2 ORDER BY coid desc LIMIT 0, 6
2018-02-21 18:27:11:400 DEBUG - [ nio-worker@ thread-3 ] c.b.j.c.ActiveRecord      | ⬢ Parameters  => [3, 0]
2018-02-21 18:27:11:410 DEBUG - [ nio-worker@ thread-3 ] c.b.j.c.ActiveRecord      | ⬢ Execute SQL => SELECT COUNT(0) FROM (SELECT * FROM t_contents WHERE status = :p1 AND type = :p2) tmp
2018-02-21 18:27:11:410 DEBUG - [ nio-worker@ thread-3 ] c.b.j.c.ActiveRecord      | ⬢ Parameters  => [publish, post]
2018-02-21 18:27:11:420 DEBUG - [ nio-worker@ thread-3 ] c.b.j.c.ActiveRecord      | ⬢ Execute SQL => SELECT * FROM t_contents WHERE status = :p1 AND type = :p2 ORDER BY created desc LIMIT 0, 8
2018-02-21 18:27:11:420 DEBUG - [ nio-worker@ thread-3 ] c.b.j.c.ActiveRecord      | ⬢ Parameters  => [publish, post]
2018-02-21 18:27:11:430 DEBUG - [ nio-worker@ thread-3 ] c.b.j.c.ActiveRecord      | ⬢ Execute SQL => SELECT COUNT(0) FROM (SELECT * FROM t_comments) tmp
2018-02-21 18:27:11:430 DEBUG - [ nio-worker@ thread-3 ] c.b.j.c.ActiveRecord      | ⬢ Parameters  => []
2018-02-21 18:27:11:440 DEBUG - [ nio-worker@ thread-3 ] c.b.j.c.ActiveRecord      | ⬢ Execute SQL => SELECT * FROM t_comments ORDER BY created desc LIMIT 0, 8
2018-02-21 18:27:11:440 DEBUG - [ nio-worker@ thread-3 ] c.b.j.c.ActiveRecord      | ⬢ Parameters  => []
2018-02-21 18:27:11:462 INFO - [ nio-worker@ thread-3 ] c.b.s.n.StaticFileHandler | HTTP/1.1	GET	/templates/themes/default/static/css/xcode.min.css
2018-02-21 18:27:11:469 INFO - [ nio-worker@ thread-4 ] c.b.s.n.StaticFileHandler | HTTP/1.1	GET	/templates/themes/default/static/css/style.min.css
2018-02-21 18:27:11:473 INFO - [ nio-worker@ thread-5 ] c.b.s.n.StaticFileHandler | HTTP/1.1	GET	/static/admin/plugins/jquery/3.2.1/jquery.min.js
2018-02-21 18:27:11:486 INFO - [ nio-worker@ thread-4 ] c.b.s.n.StaticFileHandler | HTTP/1.1	GET	/templates/themes/default/static/img/logo.png
2018-02-21 18:27:39:792 INFO - [ shutdown@thread ] c.b.s.n.NettyServer       | ⬢ Blade shutdown ...
2018-02-21 18:27:39:794 INFO - [ shutdown@thread ] c.b.s.n.NettyServer       | ⬢ Blade shutdown successful
