2018-02-14 21:43:46:039 INFO - [ _(:3」∠)_ ] c.b.s.n.NettyServer       | Environment: jdk.version    => 1.8.0_121
2018-02-14 21:43:46:042 INFO - [ _(:3」∠)_ ] c.b.s.n.NettyServer       | Environment: user.dir       => /Users/albert/Documents/workspace/PureBert
2018-02-14 21:43:46:043 INFO - [ _(:3」∠)_ ] c.b.s.n.NettyServer       | Environment: java.io.tmpdir => /var/folders/rh/5j5fmv1s1xl43qlgqg00mwbc0000gn/T/
2018-02-14 21:43:46:043 INFO - [ _(:3」∠)_ ] c.b.s.n.NettyServer       | Environment: user.timezone  => Asia/Shanghai
2018-02-14 21:43:46:043 INFO - [ _(:3」∠)_ ] c.b.s.n.NettyServer       | Environment: file.encoding  => UTF-8
2018-02-14 21:43:46:043 INFO - [ _(:3」∠)_ ] c.b.s.n.NettyServer       | Environment: classpath      => /Users/albert/Documents/workspace/PureBert/target/classes
2018-02-14 21:43:46:320 INFO - [ _(:3」∠)_ ] c.b.m.r.RouteMatcher      | Add route => GET	/admin
2018-02-14 21:43:46:320 INFO - [ _(:3」∠)_ ] c.b.m.r.RouteMatcher      | Add route => GET	/categories.html
2018-02-14 21:43:46:320 INFO - [ _(:3」∠)_ ] c.b.m.r.RouteMatcher      | Add route => GET	/feed.xml
2018-02-14 21:43:46:321 INFO - [ _(:3」∠)_ ] c.b.m.r.RouteMatcher      | Add route => GET	/atom.xml
2018-02-14 21:43:46:321 INFO - [ _(:3」∠)_ ] c.b.m.r.RouteMatcher      | Add route => GET	/admin/page/new
2018-02-14 21:43:46:321 INFO - [ _(:3」∠)_ ] c.b.m.r.RouteMatcher      | Add route => GET	/tags
2018-02-14 21:43:46:321 INFO - [ _(:3」∠)_ ] c.b.m.r.RouteMatcher      | Add route => GET	/admin/article
2018-02-14 21:43:46:321 INFO - [ _(:3」∠)_ ] c.b.m.r.RouteMatcher      | Add route => GET	/feed
2018-02-14 21:43:46:322 INFO - [ _(:3」∠)_ ] c.b.m.r.RouteMatcher      | Add route => GET	/admin/index
2018-02-14 21:43:46:322 INFO - [ _(:3」∠)_ ] c.b.m.r.RouteMatcher      | Add route => POST	/admin/attach/upload
2018-02-14 21:43:46:322 INFO - [ _(:3」∠)_ ] c.b.m.r.RouteMatcher      | Add route => POST	/admin/page/publish
2018-02-14 21:43:46:322 INFO - [ _(:3」∠)_ ] c.b.m.r.RouteMatcher      | Add route => POST	/admin/article/publish
2018-02-14 21:43:46:322 INFO - [ _(:3」∠)_ ] c.b.m.r.RouteMatcher      | Add route => GET	/category/:keyword/:page.html
2018-02-14 21:43:46:323 INFO - [ _(:3」∠)_ ] c.b.m.r.RouteMatcher      | Add route => POST	/admin/comments/delete
2018-02-14 21:43:46:323 INFO - [ _(:3」∠)_ ] c.b.m.r.RouteMatcher      | Add route => GET	/admin/template/content
2018-02-14 21:43:46:323 INFO - [ _(:3」∠)_ ] c.b.m.r.RouteMatcher      | Add route => GET	/admin/article/publish
2018-02-14 21:43:46:323 INFO - [ _(:3」∠)_ ] c.b.m.r.RouteMatcher      | Add route => POST	/admin/template/save
2018-02-14 21:43:46:323 INFO - [ _(:3」∠)_ ] c.b.m.r.RouteMatcher      | Add route => POST	/admin/category/save
2018-02-14 21:43:46:324 INFO - [ _(:3」∠)_ ] c.b.m.r.RouteMatcher      | Add route => GET	/admin/attach
2018-02-14 21:43:46:324 INFO - [ _(:3」∠)_ ] c.b.m.r.RouteMatcher      | Add route => POST	/admin/profile
2018-02-14 21:43:46:324 INFO - [ _(:3」∠)_ ] c.b.m.r.RouteMatcher      | Add route => GET	/page/:page
2018-02-14 21:43:46:324 INFO - [ _(:3」∠)_ ] c.b.m.r.RouteMatcher      | Add route => GET	/admin/profile
2018-02-14 21:43:46:325 INFO - [ _(:3」∠)_ ] c.b.m.r.RouteMatcher      | Add route => POST	/admin/comments
2018-02-14 21:43:46:325 INFO - [ _(:3」∠)_ ] c.b.m.r.RouteMatcher      | Add route => GET	/categories
2018-02-14 21:43:46:325 INFO - [ _(:3」∠)_ ] c.b.m.r.RouteMatcher      | Add route => POST	/admin/advanced
2018-02-14 21:43:46:325 INFO - [ _(:3」∠)_ ] c.b.m.r.RouteMatcher      | Add route => GET	/search.html
2018-02-14 21:43:46:325 INFO - [ _(:3」∠)_ ] c.b.m.r.RouteMatcher      | Add route => GET	/admin/themes/setting
2018-02-14 21:43:46:325 INFO - [ _(:3」∠)_ ] c.b.m.r.RouteMatcher      | Add route => GET	/admin/login
2018-02-14 21:43:46:325 INFO - [ _(:3」∠)_ ] c.b.m.r.RouteMatcher      | Add route => POST	/install
2018-02-14 21:43:46:326 INFO - [ _(:3」∠)_ ] c.b.m.r.RouteMatcher      | Add route => GET	/admin/themes
2018-02-14 21:43:46:326 INFO - [ _(:3」∠)_ ] c.b.m.r.RouteMatcher      | Add route => GET	/article/:cid.html
2018-02-14 21:43:46:326 INFO - [ _(:3」∠)_ ] c.b.m.r.RouteMatcher      | Add route => POST	/admin/page/modify
2018-02-14 21:43:46:326 INFO - [ _(:3」∠)_ ] c.b.m.r.RouteMatcher      | Add route => GET	/tags.html
2018-02-14 21:43:46:326 INFO - [ _(:3」∠)_ ] c.b.m.r.RouteMatcher      | Add route => ALL	/admin/attach/delete
2018-02-14 21:43:46:326 INFO - [ _(:3」∠)_ ] c.b.m.r.RouteMatcher      | Add route => GET	/admin/page
2018-02-14 21:43:46:326 INFO - [ _(:3」∠)_ ] c.b.m.r.RouteMatcher      | Add route => GET	/sitemap
2018-02-14 21:43:46:327 INFO - [ _(:3」∠)_ ] c.b.m.r.RouteMatcher      | Add route => GET	/
2018-02-14 21:43:46:327 INFO - [ _(:3」∠)_ ] c.b.m.r.RouteMatcher      | Add route => GET	/admin/template
2018-02-14 21:43:46:327 INFO - [ _(:3」∠)_ ] c.b.m.r.RouteMatcher      | Add route => GET	/search
2018-02-14 21:43:46:327 INFO - [ _(:3」∠)_ ] c.b.m.r.RouteMatcher      | Add route => POST	/admin/password
2018-02-14 21:43:46:327 INFO - [ _(:3」∠)_ ] c.b.m.r.RouteMatcher      | Add route => GET	/sitemap.xml
2018-02-14 21:43:46:327 INFO - [ _(:3」∠)_ ] c.b.m.r.RouteMatcher      | Add route => GET	/:cid.html
2018-02-14 21:43:46:328 INFO - [ _(:3」∠)_ ] c.b.m.r.RouteMatcher      | Add route => GET	/admin/page/:cid
2018-02-14 21:43:46:328 INFO - [ _(:3」∠)_ ] c.b.m.r.RouteMatcher      | Add route => GET	/admin/category
2018-02-14 21:43:46:328 INFO - [ _(:3」∠)_ ] c.b.m.r.RouteMatcher      | Add route => GET	/category/:keyword/:page
2018-02-14 21:43:46:328 INFO - [ _(:3」∠)_ ] c.b.m.r.RouteMatcher      | Add route => GET	/search/:keyword/:page
2018-02-14 21:43:46:328 INFO - [ _(:3」∠)_ ] c.b.m.r.RouteMatcher      | Add route => ALL	/admin/page/delete
2018-02-14 21:43:46:328 INFO - [ _(:3」∠)_ ] c.b.m.r.RouteMatcher      | Add route => GET	/tag/:name/:page
2018-02-14 21:43:46:328 INFO - [ _(:3」∠)_ ] c.b.m.r.RouteMatcher      | Add route => ALL	/logout
2018-02-14 21:43:46:329 INFO - [ _(:3」∠)_ ] c.b.m.r.RouteMatcher      | Add route => ALL	/admin/article/delete
2018-02-14 21:43:46:329 INFO - [ _(:3」∠)_ ] c.b.m.r.RouteMatcher      | Add route => GET	/tag/:name.html
2018-02-14 21:43:46:329 INFO - [ _(:3」∠)_ ] c.b.m.r.RouteMatcher      | Add route => GET	/page/:page.html
2018-02-14 21:43:46:329 INFO - [ _(:3」∠)_ ] c.b.m.r.RouteMatcher      | Add route => GET	/admin/comments
2018-02-14 21:43:46:329 INFO - [ _(:3」∠)_ ] c.b.m.r.RouteMatcher      | Add route => GET	/search/:keyword.html
2018-02-14 21:43:46:330 INFO - [ _(:3」∠)_ ] c.b.m.r.RouteMatcher      | Add route => POST	/admin/setting
2018-02-14 21:43:46:330 INFO - [ _(:3」∠)_ ] c.b.m.r.RouteMatcher      | Add route => GET	/search/:keyword/:page.html
2018-02-14 21:43:46:330 INFO - [ _(:3」∠)_ ] c.b.m.r.RouteMatcher      | Add route => GET	/archives.html
2018-02-14 21:43:46:330 INFO - [ _(:3」∠)_ ] c.b.m.r.RouteMatcher      | Add route => POST	/comment
2018-02-14 21:43:46:330 INFO - [ _(:3」∠)_ ] c.b.m.r.RouteMatcher      | Add route => GET	/archives
2018-02-14 21:43:46:331 INFO - [ _(:3」∠)_ ] c.b.m.r.RouteMatcher      | Add route => GET	/tag/:name
2018-02-14 21:43:46:331 INFO - [ _(:3」∠)_ ] c.b.m.r.RouteMatcher      | Add route => GET	/category/:keyword.html
2018-02-14 21:43:46:331 INFO - [ _(:3」∠)_ ] c.b.m.r.RouteMatcher      | Add route => GET	/article/:cid
2018-02-14 21:43:46:331 INFO - [ _(:3」∠)_ ] c.b.m.r.RouteMatcher      | Add route => GET	/admin/article/:cid
2018-02-14 21:43:46:331 INFO - [ _(:3」∠)_ ] c.b.m.r.RouteMatcher      | Add route => GET	/install
2018-02-14 21:43:46:331 INFO - [ _(:3」∠)_ ] c.b.m.r.RouteMatcher      | Add route => POST	/admin/themes/setting
2018-02-14 21:43:46:331 INFO - [ _(:3」∠)_ ] c.b.m.r.RouteMatcher      | Add route => POST	/admin/login
2018-02-14 21:43:46:331 INFO - [ _(:3」∠)_ ] c.b.m.r.RouteMatcher      | Add route => ALL	/admin/category/delete
2018-02-14 21:43:46:332 INFO - [ _(:3」∠)_ ] c.b.m.r.RouteMatcher      | Add route => POST	/admin/comments/status
2018-02-14 21:43:46:332 INFO - [ _(:3」∠)_ ] c.b.m.r.RouteMatcher      | Add route => GET	/admin/setting
2018-02-14 21:43:46:332 INFO - [ _(:3」∠)_ ] c.b.m.r.RouteMatcher      | Add route => GET	/:cid
2018-02-14 21:43:46:332 INFO - [ _(:3」∠)_ ] c.b.m.r.RouteMatcher      | Add route => POST	/admin/article/modify
2018-02-14 21:43:46:332 INFO - [ _(:3」∠)_ ] c.b.m.r.RouteMatcher      | Add route => GET	/admin/reload
2018-02-14 21:43:46:332 INFO - [ _(:3」∠)_ ] c.b.m.r.RouteMatcher      | Add route => POST	/admin/themes/active
2018-02-14 21:43:46:332 INFO - [ _(:3」∠)_ ] c.b.m.r.RouteMatcher      | Add route => GET	/tag/:name/:page.html
2018-02-14 21:43:46:332 INFO - [ _(:3」∠)_ ] c.b.m.r.RouteMatcher      | Add route => GET	/category/:keyword
2018-02-14 21:43:46:333 INFO - [ _(:3」∠)_ ] c.b.m.r.RouteMatcher      | Add route => POST	/admin/backup
2018-02-14 21:43:46:333 INFO - [ _(:3」∠)_ ] c.b.m.r.RouteMatcher      | Add route => GET	/search/:keyword
2018-02-14 21:43:46:333 INFO - [ _(:3」∠)_ ] c.b.m.r.RouteMatcher      | Add hook  => [BEFORE	/.*]
2018-02-14 21:43:46:334 INFO - [ _(:3」∠)_ ] c.b.m.r.RouteMatcher      | Add hook  => [AFTER	/.*]
2018-02-14 21:43:46:471 INFO - [ _(:3」∠)_ ] c.b.j.Base                | ⬢ Blade-JDBC initializing
2018-02-14 21:43:46:471 INFO - [ _(:3」∠)_ ] c.b.s.n.NettyServer       | ⬢ Register bean: [com.blade.Environment@44f82306, com.tale.init.WebContext@7e8e8689, com.tale.service.ContentsService@736cc793, com.tale.exception.GolbalExceptionHandler@756e319c, com.tale.service.SiteService@700bdc24, com.tale.controller.admin.AuthController@7a3ba662, com.tale.service.OptionsService@6ffeb6e9, com.tale.controller.admin.ThemeController@6b98885b, com.tale.controller.admin.CategoryController@455c83f0, com.tale.controller.admin.AttachController@6273258f, com.tale.hooks.BaseWebHook@78a08ed6, com.tale.controller.CategoryController@57550bc9, com.tale.controller.IndexController@763741d0, com.tale.service.CommentsService@d134dc4, com.tale.controller.admin.PageController@71b9a48e, com.tale.controller.admin.IndexController@e4de233, com.tale.controller.admin.CommentController@42b80beb, com.tale.controller.InstallController@55521315, com.tale.service.MetasService@697340e5, com.tale.init.WebContext@7e8e8689, com.tale.controller.admin.ArticleController@8ce6b82, com.tale.hooks.BaseWebHook@78a08ed6, com.tale.controller.admin.TemplateController@aabce23]
2018-02-14 21:43:46:567 INFO - [ _(:3」∠)_ ] j.t.JetEngineImpl         | JetEngine.version = 2.1.5
2018-02-14 21:43:46:567 INFO - [ _(:3」∠)_ ] j.t.JetEngineImpl         | JetEngine.loader = jetbrick.template.loader.ClasspathResourceLoader, root = /templates/, reload = true
2018-02-14 21:43:46:581 INFO - [ _(:3」∠)_ ] j.t.r.c.ClassResolver     | import package: java.lang.*
2018-02-14 21:43:46:581 INFO - [ _(:3」∠)_ ] j.t.r.c.ClassResolver     | import package: java.util.*
2018-02-14 21:43:46:584 INFO - [ _(:3」∠)_ ] j.t.r.m.MethodInvokerResolver | import 38 methods from class jetbrick.template.runtime.buildin.JetMethods
2018-02-14 21:43:46:587 INFO - [ _(:3」∠)_ ] j.t.r.f.FunctionInvokerResolver | import 11 functions from class jetbrick.template.runtime.buildin.JetFunctions
2018-02-14 21:43:46:590 INFO - [ _(:3」∠)_ ] j.t.r.t.TagInvokerResolver | import 2 tags from class jetbrick.template.runtime.buildin.JetTags
2018-02-14 21:43:46:592 INFO - [ _(:3」∠)_ ] j.t.r.GlobalResolver      | Scanning @JetMethods, @JetFunctions, @JetTags implements from [com.tale] ...
2018-02-14 21:43:46:617 INFO - [ _(:3」∠)_ ] j.t.r.GlobalResolver      | Found 0 annotated classes, time elapsed 25 ms.
2018-02-14 21:43:46:631 INFO - [ _(:3」∠)_ ] j.t.JetTemplateImpl       | Loading template: /comm/macros.html
2018-02-14 21:43:46:866 INFO - [ _(:3」∠)_ ] j.t.r.f.FunctionInvokerResolver | import 21 functions from class com.tale.extension.Commons
2018-02-14 21:43:46:867 INFO - [ _(:3」∠)_ ] j.t.r.f.FunctionInvokerResolver | import 50 functions from class com.tale.extension.Theme
2018-02-14 21:43:46:867 INFO - [ _(:3」∠)_ ] j.t.r.f.FunctionInvokerResolver | import 2 functions from class com.tale.extension.AdminCommons
2018-02-14 21:43:46:867 INFO - [ _(:3」∠)_ ] j.t.r.t.TagInvokerResolver | import 1 tags from class com.tale.extension.JetTag
2018-02-14 21:43:47:460 DEBUG - [ _(:3」∠)_ ] c.b.j.c.ActiveRecord      | ⬢ Execute SQL => SELECT * FROM t_options
2018-02-14 21:43:47:461 DEBUG - [ _(:3」∠)_ ] c.b.j.c.ActiveRecord      | ⬢ Parameters  => []
2018-02-14 21:43:47:576 INFO - [ _(:3」∠)_ ] c.b.s.n.NettyServer       | ⬢ Watched environment: true
2018-02-14 21:43:47:655 INFO - [ _(:3」∠)_ ] c.b.s.n.NettyServer       | ⬢ Use NioEventLoopGroup
2018-02-14 21:43:48:140 INFO - [ _(:3」∠)_ ] c.b.s.n.NettyServer       | ⬢ Tale (塌了) initialize successfully, Time elapsed: 2119 ms
2018-02-14 21:43:48:141 INFO - [ _(:3」∠)_ ] c.b.s.n.NettyServer       | ⬢ Blade start with 0.0.0.0:9000
2018-02-14 21:43:48:141 INFO - [ _(:3」∠)_ ] c.b.s.n.NettyServer       | ⬢ Open your web browser and navigate to http://127.0.0.1:9000 ⚡
2018-02-14 21:43:54:935 INFO - [ nio-worker@ thread-1 ] c.b.m.h.RequestExecution  | HTTP/1.0	POST	/admin/login
2018-02-14 21:43:54:972 INFO - [ nio-worker@ thread-1 ] c.t.h.BaseWebHook         | UserAgent: Mozilla/5.0 (Macintosh; Intel Mac OS X 10_13_2) AppleWebKit/537.36 (KHTML, like Gecko) Chrome/62.0.3202.62 Safari/537.36
2018-02-14 21:43:54:972 INFO - [ nio-worker@ thread-1 ] c.t.h.BaseWebHook         | 用户访问地址: /admin/login, 来路地址: 127.0.0.1
2018-02-14 21:43:59:434 INFO - [ nio-worker@ thread-2 ] c.b.m.h.RequestExecution  | HTTP/1.0	GET	/install
2018-02-14 21:43:59:435 INFO - [ nio-worker@ thread-2 ] c.t.h.BaseWebHook         | UserAgent: Mozilla/5.0 (Macintosh; Intel Mac OS X 10_13_2) AppleWebKit/537.36 (KHTML, like Gecko) Chrome/62.0.3202.62 Safari/537.36
2018-02-14 21:43:59:435 INFO - [ nio-worker@ thread-2 ] c.t.h.BaseWebHook         | 用户访问地址: /install, 来路地址: 127.0.0.1
2018-02-14 21:43:59:440 INFO - [ nio-worker@ thread-2 ] j.t.JetTemplateImpl       | Loading template: install.html
2018-02-14 21:44:04:706 INFO - [ nio-worker@ thread-3 ] c.b.m.h.RequestExecution  | HTTP/1.0	GET	/admin/login
2018-02-14 21:44:04:707 INFO - [ nio-worker@ thread-3 ] c.t.h.BaseWebHook         | UserAgent: Mozilla/5.0 (Macintosh; Intel Mac OS X 10_13_2) AppleWebKit/537.36 (KHTML, like Gecko) Chrome/62.0.3202.62 Safari/537.36
2018-02-14 21:44:04:707 INFO - [ nio-worker@ thread-3 ] c.t.h.BaseWebHook         | 用户访问地址: /admin/login, 来路地址: 127.0.0.1
2018-02-14 21:44:08:951 INFO - [ nio-worker@ thread-4 ] c.b.m.h.RequestExecution  | HTTP/1.0	GET	/install
2018-02-14 21:44:08:952 INFO - [ nio-worker@ thread-4 ] c.t.h.BaseWebHook         | UserAgent: Mozilla/5.0 (Macintosh; Intel Mac OS X 10_13_2) AppleWebKit/537.36 (KHTML, like Gecko) Chrome/62.0.3202.62 Safari/537.36
2018-02-14 21:44:08:952 INFO - [ nio-worker@ thread-4 ] c.t.h.BaseWebHook         | 用户访问地址: /install, 来路地址: 127.0.0.1
2018-02-14 21:44:14:322 INFO - [ nio-worker@ thread-5 ] c.b.s.n.StaticFileHandler | HTTP/1.0	GET	/static/admin/plugins/jquery-steps/1.1.0/jquery.steps.css
2018-02-14 21:44:15:012 INFO - [ nio-worker@ thread-6 ] c.b.s.n.StaticFileHandler | HTTP/1.0	GET	/static/admin/css/style.min.css
2018-02-14 21:44:15:016 INFO - [ nio-worker@ thread-7 ] c.b.s.n.StaticFileHandler | HTTP/1.0	GET	/static/admin/plugins/bootstrap/3.3.7/css/bootstrap.min.css
2018-02-14 21:44:17:794 INFO - [ nio-worker@ thread-8 ] c.b.s.n.StaticFileHandler | HTTP/1.0	GET	/static/admin/plugins/jquery/3.2.1/jquery.min.js
2018-02-14 21:44:17:900 INFO - [ nio-worker@ thread-1 ] c.b.s.n.StaticFileHandler | HTTP/1.0	GET	/static/admin/plugins/limonte-sweetalert2/6.4.1/sweetalert2.min.css
2018-02-14 21:44:17:910 INFO - [ nio-worker@ thread-2 ] c.b.s.n.StaticFileHandler | HTTP/1.0	GET	/static/admin/plugins/jquery-steps/1.1.0/jquery.steps.min.js
2018-02-14 21:44:17:914 INFO - [ nio-worker@ thread-3 ] c.b.s.n.StaticFileHandler | HTTP/1.0	GET	/static/admin/js/install.js
2018-02-14 21:44:20:039 INFO - [ nio-worker@ thread-4 ] c.b.s.n.StaticFileHandler | HTTP/1.0	GET	/static/admin/images/bg/4.png
2018-02-14 21:44:20:495 INFO - [ nio-worker@ thread-5 ] c.b.s.n.StaticFileHandler | HTTP/1.0	GET	/static/admin/images/favicon.png
2018-02-14 21:45:12:833 INFO - [ shutdown@thread ] c.b.s.n.NettyServer       | ⬢ Blade shutdown ...
2018-02-14 21:45:12:836 INFO - [ shutdown@thread ] c.b.s.n.NettyServer       | ⬢ Blade shutdown successful
